
> spug_web@3.0.0 start
> react-app-rewired start

[HPM] Proxy created: /api/  ->  http://127.0.0.1:8000
[HPM] Proxy rewrite rule created: "^/api" ~> ""
[34mℹ[39m [90m｢wds｣[39m: Project is running at http://10.0.16.143/
[34mℹ[39m [90m｢wds｣[39m: webpack output is served from 
[34mℹ[39m [90m｢wds｣[39m: Content not from webpack is served from /data/spug/src/spug_web/public
[34mℹ[39m [90m｢wds｣[39m: 404s will fallback to /
Starting the development server...

node:events:491
      throw er; // Unhandled 'error' event
      ^

Error: EBADF: bad file descriptor, read
Emitted 'error' event on ReadStream instance at:
    at emitErrorNT (node:internal/streams/destroy:157:8)
    at errorOrDestroy (node:internal/streams/destroy:220:7)
    at node:internal/fs/streams:262:9
    at FSReqCallback.wrapper [as oncomplete] (node:fs:671:5) {
  errno: -9,
  code: 'EBADF',
  syscall: 'read'
}
